{"name": "test_shop", "status": "broken", "statusDetails": {"message": "selenium.common.exceptions.NoSuchElementException: Message: no such element: Unable to locate element: {\"method\":\"css selector\",\"selector\":\"[id=\"checkout\"]\"}\n  (Session info: chrome=136.0.7103.93); For documentation on this error, please visit: https://www.selenium.dev/documentation/webdriver/troubleshooting/errors#no-such-element-exception\nStacktrace:\n\tGetHandleVerifier [0x00007FF6C13FCF25+75717]\n\tGetHandleVerifier [0x00007FF6C13FCF80+75808]\n\t(No symbol) [0x00007FF6C11C8F9A]\n\t(No symbol) [0x00007FF6C121F4C6]\n\t(No symbol) [0x00007FF6C121F77C]\n\t(No symbol) [0x00007FF6C1272577]\n\t(No symbol) [0x00007FF6C12473BF]\n\t(No symbol) [0x00007FF6C126F39C]\n\t(No symbol) [0x00007FF6C1247153]\n\t(No symbol) [0x00007FF6C1210421]\n\t(No symbol) [0x00007FF6C12111B3]\n\tGetHandleVerifier [0x00007FF6C16FD6FD+3223453]\n\tGetHandleVerifier [0x00007FF6C16F7CA2+3200322]\n\tGetHandleVerifier [0x00007FF6C1715AD3+3322739]\n\tGetHandleVerifier [0x00007FF6C14169FA+180890]\n\tGetHandleVerifier [0x00007FF6C141E0FF+211359]\n\tGetHandleVerifier [0x00007FF6C1405274+109332]\n\tGetHandleVerifier [0x00007FF6C1405422+109762]\n\tGetHandleVerifier [0x00007FF6C13EBA39+4825]\n\tBaseThreadInitThunk [0x00007FFEB21BE8D7+23]\n\tRtlUserThreadStart [0x00007FFEB3E714FC+44]", "trace": "driver = <selenium.webdriver.chrome.webdriver.WebDriver (session=\"cc9e9028d9aca9bb97962be8be792942\")>\n\n    def test_shop(driver):\n        with allure.step(\"Авторизация\"):\n            # Шаг 1: Авторизация\n            login_page = LoginPage(driver)\n            login_page.login(\"standard_user\", \"secret_sauce\")\n    \n        with allure.step(\"добавление товаров\"):\n            # Шаг 2: Добавление товаров в корзину\n            main_page = MainPage(driver)\n            main_page.add_item_to_cart(\"add-to-cart-sauce-labs-backpack\")  # Добавляем \"Sauce Labs Backpack\"\n            main_page.add_item_to_cart(\"add-to-cart-sauce-labs-bolt-t-shirt\")  # Добавляем \"Sauce Labs Bolt T-Shirt\"\n            main_page.add_item_to_cart(\"add-to-cart-sauce-labs-onesie\")  # Добавляем \"Sauce Labs Onesie\"\n    \n        with allure.step(\"переход в корзину\"):\n            # Шаг 3: Переход в корзину\n            main_page.go_to_cart()\n    \n        with allure.step(\"Переход к оформлению заказа\"):\n            # Шаг 4: Переход к оформлению заказа\n            cart_page = CartPage(driver)\n>           cart_page.go_to_checkout()\n\nlesson10\\test_shop.py:35: \n_ _ _ _ _ _ _ _ _ _ _ _ _ _ _ _ _ _ _ _ _ _ _ _ _ _ _ _ _ _ _ _ _ _ _ _ _ _ _ _ _ _ _ _ _ _ _ _ _ _ _ _ _ _ _ _ _ _ _ _ _ _ _ _ _ _ _ _ _ _ _ _ _ _ _ _ _ _ _ _ _ _ _ _ _ _ _ _ _ _\nlesson10\\ShopPage.py:34: in go_to_checkout\n    self.driver.find_element(By.ID, 'checkout').click()\n..\\PycharmProjects\\HomeWork-4-\\.venv\\Lib\\site-packages\\selenium\\webdriver\\remote\\webdriver.py:898: in find_element\n    return self.execute(Command.FIND_ELEMENT, {\"using\": by, \"value\": value})[\"value\"]\n..\\PycharmProjects\\HomeWork-4-\\.venv\\Lib\\site-packages\\selenium\\webdriver\\remote\\webdriver.py:429: in execute\n    self.error_handler.check_response(response)\n_ _ _ _ _ _ _ _ _ _ _ _ _ _ _ _ _ _ _ _ _ _ _ _ _ _ _ _ _ _ _ _ _ _ _ _ _ _ _ _ _ _ _ _ _ _ _ _ _ _ _ _ _ _ _ _ _ _ _ _ _ _ _ _ _ _ _ _ _ _ _ _ _ _ _ _ _ _ _ _ _ _ _ _ _ _ _ _ _ _\n\nself = <selenium.webdriver.remote.errorhandler.ErrorHandler object at 0x00000242C2597620>\nresponse = {'status': 404, 'value': '{\"value\":{\"error\":\"no such element\",\"message\":\"no such element: Unable to locate element: {\\...C13EBA39+4825]\\\\n\\\\tBaseThreadInitThunk [0x00007FFEB21BE8D7+23]\\\\n\\\\tRtlUserThreadStart [0x00007FFEB3E714FC+44]\\\\n\"}}'}\n\n    def check_response(self, response: Dict[str, Any]) -> None:\n        \"\"\"Checks that a JSON response from the WebDriver does not have an\n        error.\n    \n        :Args:\n         - response - The JSON response from the WebDriver server as a dictionary\n           object.\n    \n        :Raises: If the response contains an error message.\n        \"\"\"\n        status = response.get(\"status\", None)\n        if not status or status == ErrorCode.SUCCESS:\n            return\n        value = None\n        message = response.get(\"message\", \"\")\n        screen: str = response.get(\"screen\", \"\")\n        stacktrace = None\n        if isinstance(status, int):\n            value_json = response.get(\"value\", None)\n            if value_json and isinstance(value_json, str):\n                import json\n    \n                try:\n                    value = json.loads(value_json)\n                    if len(value) == 1:\n                        value = value[\"value\"]\n                    status = value.get(\"error\", None)\n                    if not status:\n                        status = value.get(\"status\", ErrorCode.UNKNOWN_ERROR)\n                        message = value.get(\"value\") or value.get(\"message\")\n                        if not isinstance(message, str):\n                            value = message\n                            message = message.get(\"message\")\n                    else:\n                        message = value.get(\"message\", None)\n                except ValueError:\n                    pass\n    \n        exception_class: Type[WebDriverException]\n        e = ErrorCode()\n        error_codes = [item for item in dir(e) if not item.startswith(\"__\")]\n        for error_code in error_codes:\n            error_info = getattr(ErrorCode, error_code)\n            if isinstance(error_info, list) and status in error_info:\n                exception_class = getattr(ExceptionMapping, error_code, WebDriverException)\n                break\n        else:\n            exception_class = WebDriverException\n    \n        if not value:\n            value = response[\"value\"]\n        if isinstance(value, str):\n            raise exception_class(value)\n        if message == \"\" and \"message\" in value:\n            message = value[\"message\"]\n    \n        screen = None  # type: ignore[assignment]\n        if \"screen\" in value:\n            screen = value[\"screen\"]\n    \n        stacktrace = None\n        st_value = value.get(\"stackTrace\") or value.get(\"stacktrace\")\n        if st_value:\n            if isinstance(st_value, str):\n                stacktrace = st_value.split(\"\\n\")\n            else:\n                stacktrace = []\n                try:\n                    for frame in st_value:\n                        line = frame.get(\"lineNumber\", \"\")\n                        file = frame.get(\"fileName\", \"<anonymous>\")\n                        if line:\n                            file = f\"{file}:{line}\"\n                        meth = frame.get(\"methodName\", \"<anonymous>\")\n                        if \"className\" in frame:\n                            meth = f\"{frame['className']}.{meth}\"\n                        msg = \"    at %s (%s)\"\n                        msg = msg % (meth, file)\n                        stacktrace.append(msg)\n                except TypeError:\n                    pass\n        if exception_class == UnexpectedAlertPresentException:\n            alert_text = None\n            if \"data\" in value:\n                alert_text = value[\"data\"].get(\"text\")\n            elif \"alert\" in value:\n                alert_text = value[\"alert\"].get(\"text\")\n            raise exception_class(message, screen, stacktrace, alert_text)  # type: ignore[call-arg]  # mypy is not smart enough here\n>       raise exception_class(message, screen, stacktrace)\nE       selenium.common.exceptions.NoSuchElementException: Message: no such element: Unable to locate element: {\"method\":\"css selector\",\"selector\":\"[id=\"checkout\"]\"}\nE         (Session info: chrome=136.0.7103.93); For documentation on this error, please visit: https://www.selenium.dev/documentation/webdriver/troubleshooting/errors#no-such-element-exception\nE       Stacktrace:\nE       \tGetHandleVerifier [0x00007FF6C13FCF25+75717]\nE       \tGetHandleVerifier [0x00007FF6C13FCF80+75808]\nE       \t(No symbol) [0x00007FF6C11C8F9A]\nE       \t(No symbol) [0x00007FF6C121F4C6]\nE       \t(No symbol) [0x00007FF6C121F77C]\nE       \t(No symbol) [0x00007FF6C1272577]\nE       \t(No symbol) [0x00007FF6C12473BF]\nE       \t(No symbol) [0x00007FF6C126F39C]\nE       \t(No symbol) [0x00007FF6C1247153]\nE       \t(No symbol) [0x00007FF6C1210421]\nE       \t(No symbol) [0x00007FF6C12111B3]\nE       \tGetHandleVerifier [0x00007FF6C16FD6FD+3223453]\nE       \tGetHandleVerifier [0x00007FF6C16F7CA2+3200322]\nE       \tGetHandleVerifier [0x00007FF6C1715AD3+3322739]\nE       \tGetHandleVerifier [0x00007FF6C14169FA+180890]\nE       \tGetHandleVerifier [0x00007FF6C141E0FF+211359]\nE       \tGetHandleVerifier [0x00007FF6C1405274+109332]\nE       \tGetHandleVerifier [0x00007FF6C1405422+109762]\nE       \tGetHandleVerifier [0x00007FF6C13EBA39+4825]\nE       \tBaseThreadInitThunk [0x00007FFEB21BE8D7+23]\nE       \tRtlUserThreadStart [0x00007FFEB3E714FC+44]\n\n..\\PycharmProjects\\HomeWork-4-\\.venv\\Lib\\site-packages\\selenium\\webdriver\\remote\\errorhandler.py:232: NoSuchElementException"}, "steps": [{"name": "Авторизация", "status": "passed", "start": 1747143940399, "stop": 1747143940757}, {"name": "добавление товаров", "status": "passed", "start": 1747143940757, "stop": 1747143941021}, {"name": "переход в корзину", "status": "passed", "start": 1747143941021, "stop": 1747143941094}, {"name": "Переход к оформлению заказа", "status": "broken", "statusDetails": {"message": "selenium.common.exceptions.NoSuchElementException: Message: no such element: Unable to locate element: {\"method\":\"css selector\",\"selector\":\"[id=\"checkout\"]\"}\n  (Session info: chrome=136.0.7103.93); For documentation on this error, please visit: https://www.selenium.dev/documentation/webdriver/troubleshooting/errors#no-such-element-exception\nStacktrace:\n\tGetHandleVerifier [0x00007FF6C13FCF25+75717]\n\tGetHandleVerifier [0x00007FF6C13FCF80+75808]\n\t(No symbol) [0x00007FF6C11C8F9A]\n\t(No symbol) [0x00007FF6C121F4C6]\n\t(No symbol) [0x00007FF6C121F77C]\n\t(No symbol) [0x00007FF6C1272577]\n\t(No symbol) [0x00007FF6C12473BF]\n\t(No symbol) [0x00007FF6C126F39C]\n\t(No symbol) [0x00007FF6C1247153]\n\t(No symbol) [0x00007FF6C1210421]\n\t(No symbol) [0x00007FF6C12111B3]\n\tGetHandleVerifier [0x00007FF6C16FD6FD+3223453]\n\tGetHandleVerifier [0x00007FF6C16F7CA2+3200322]\n\tGetHandleVerifier [0x00007FF6C1715AD3+3322739]\n\tGetHandleVerifier [0x00007FF6C14169FA+180890]\n\tGetHandleVerifier [0x00007FF6C141E0FF+211359]\n\tGetHandleVerifier [0x00007FF6C1405274+109332]\n\tGetHandleVerifier [0x00007FF6C1405422+109762]\n\tGetHandleVerifier [0x00007FF6C13EBA39+4825]\n\tBaseThreadInitThunk [0x00007FFEB21BE8D7+23]\n\tRtlUserThreadStart [0x00007FFEB3E714FC+44]\n\n", "trace": "  File \"C:\\Users\\aleks\\HomeWork-4-\\lesson10\\test_shop.py\", line 35, in test_shop\n    cart_page.go_to_checkout()\n    ~~~~~~~~~~~~~~~~~~~~~~~~^^\n  File \"C:\\Users\\aleks\\HomeWork-4-\\lesson10\\ShopPage.py\", line 34, in go_to_checkout\n    self.driver.find_element(By.ID, 'checkout').click()\n    ~~~~~~~~~~~~~~~~~~~~~~~~^^^^^^^^^^^^^^^^^^^\n  File \"C:\\Users\\aleks\\PycharmProjects\\HomeWork-4-\\.venv\\Lib\\site-packages\\selenium\\webdriver\\remote\\webdriver.py\", line 898, in find_element\n    return self.execute(Command.FIND_ELEMENT, {\"using\": by, \"value\": value})[\"value\"]\n           ~~~~~~~~~~~~^^^^^^^^^^^^^^^^^^^^^^^^^^^^^^^^^^^^^^^^^^^^^^^^^^^^^\n  File \"C:\\Users\\aleks\\PycharmProjects\\HomeWork-4-\\.venv\\Lib\\site-packages\\selenium\\webdriver\\remote\\webdriver.py\", line 429, in execute\n    self.error_handler.check_response(response)\n    ~~~~~~~~~~~~~~~~~~~~~~~~~~~~~~~~~^^^^^^^^^^\n  File \"C:\\Users\\aleks\\PycharmProjects\\HomeWork-4-\\.venv\\Lib\\site-packages\\selenium\\webdriver\\remote\\errorhandler.py\", line 232, in check_response\n    raise exception_class(message, screen, stacktrace)\n"}, "start": 1747143941094, "stop": 1747143941105}], "start": 1747143940399, "stop": 1747143941108, "uuid": "c85b38d0-0710-4d6b-9ee7-2d7adfe5a93d", "historyId": "4ccabe82600e0c9d810873e5b3b27387", "testCaseId": "4ccabe82600e0c9d810873e5b3b27387", "fullName": "lesson10.test_shop#test_shop", "labels": [{"name": "parentSuite", "value": "lesson10"}, {"name": "suite", "value": "test_shop"}, {"name": "host", "value": "DESKTOP-CJMJ3I2"}, {"name": "thread", "value": "25100-MainThread"}, {"name": "framework", "value": "pytest"}, {"name": "language", "value": "cpython3"}, {"name": "package", "value": "lesson10.test_shop"}]}